<?xml version="1.0" encoding="UTF-8"?>
<robot generator="Robot 7.4.1 (Python 3.13.12 on darwin)" generated="2026-02-23T13:51:47.763289" rpa="false" schemaversion="5">
<suite id="s1" name="Exercise" source="/Users/anttiportaankorva/exercise">
<suite id="s1-s1" name="Tests" source="/Users/anttiportaankorva/exercise/tests">
<suite id="s1-s1-s1" name="Test Suite" source="/Users/anttiportaankorva/exercise/tests/test_suite.robot">
<test id="s1-s1-s1-t1" name="User can log in to portal successfully" line="8">
<kw name="Given user opens the Saucedemo login page" owner="keywords">
<kw name="New Browser" owner="Browser">
<msg time="2026-02-23T13:51:47.844192" level="INFO">{"browser": "chromium", "headless": true, "chromiumSandbox": false, "devtools": false, "handleSIGHUP": true, "handleSIGINT": true, "handleSIGTERM": true, "slowMo": 0.0, "timeout": 30000.0, "tracesDir": "/Users/anttiportaankorva/exercise/results/browser/traces/temp/0b2ba97d-c9eb-4392-86ef-6ba70d8b2e5c"}</msg>
<msg time="2026-02-23T13:51:47.861949" level="INFO">Starting Browser process /Library/Frameworks/Python.framework/Versions/3.13/lib/python3.13/site-packages/Browser/wrapper/index.js using at 127.0.0.1:57697</msg>
<msg time="2026-02-23T13:51:49.806917" level="INFO">Successfully created browser with options: {"browser":"chromium","headless":true,"chromiumSandbox":false,"devtools":false,"handleSIGHUP":true,"handleSIGINT":true,"handleSIGTERM":true,"slowMo":0,"timeout":30000,"tracesDir":"/Users/anttiportaankorva/exercise/results/browser/traces/temp/0b2ba97d-c9eb-4392-86ef-6ba70d8b2e5c"}</msg>
<arg>${BROWSER}</arg>
<arg>headless=${HEADLESS}</arg>
<tag>BrowserControl</tag>
<tag>Setter</tag>
<doc>Create a new playwright Browser with specified options.</doc>
<status status="PASS" start="2026-02-23T13:51:47.843866" elapsed="1.963454"/>
</kw>
<kw name="New Page" owner="Browser">
<msg time="2026-02-23T13:51:50.496918" level="INFO">Successfully initialized new page object and opened url: https://www.saucedemo.com</msg>
<msg time="2026-02-23T13:51:50.497110" level="INFO">No context was open. New context was automatically opened when this page is created.</msg>
<arg>${URL}</arg>
<tag>BrowserControl</tag>
<tag>Setter</tag>
<doc>Open a new Page.</doc>
<status status="PASS" start="2026-02-23T13:51:49.807689" elapsed="0.689808"/>
</kw>
<kw name="Wait For Elements State" owner="Browser">
<msg time="2026-02-23T13:51:50.517412" level="INFO">Waited for Element with selector id=login-button at state visible</msg>
<arg>${LOGIN_BUTTON}</arg>
<arg>visible</arg>
<tag>PageContent</tag>
<tag>Wait</tag>
<doc>Waits for the element found by ``selector`` to satisfy state option.</doc>
<status status="PASS" start="2026-02-23T13:51:50.497851" elapsed="0.019728"/>
</kw>
<status status="PASS" start="2026-02-23T13:51:47.843109" elapsed="2.674605"/>
</kw>
<kw name="When user logs in with valid credentials" owner="keywords">
<kw name="Fill credentials" owner="keywords">
<kw name="Fill Text" owner="Browser">
<msg time="2026-02-23T13:51:50.519788" level="INFO">Fills the text 'standard_user' in the given field.</msg>
<arg>${USER_NAME_INPUT}</arg>
<arg>${username}</arg>
<tag>PageContent</tag>
<tag>Setter</tag>
<doc>Clears and fills the given ``txt`` into the text field found by ``selector``.</doc>
<status status="PASS" start="2026-02-23T13:51:50.519524" elapsed="0.020404"/>
</kw>
<kw name="Fill Secret" owner="Browser">
<arg>${PASSWORD_INPUT}</arg>
<arg>$password</arg>
<tag>PageContent</tag>
<tag>Setter</tag>
<doc>Fills the given secret from ``variable_name`` into the
text field found by ``selector``.</doc>
<status status="PASS" start="2026-02-23T13:51:50.540343" elapsed="0.024415"/>
</kw>
<arg>${USERNAME}</arg>
<arg>${PASSWORD}</arg>
<status status="PASS" start="2026-02-23T13:51:50.519334" elapsed="0.045567"/>
</kw>
<kw name="Click" owner="Browser">
<msg time="2026-02-23T13:51:50.565254" level="INFO">Clicks the element 'id=login-button'.</msg>
<arg>${LOGIN_BUTTON}</arg>
<tag>PageContent</tag>
<tag>Setter</tag>
<doc>Simulates mouse click on the element found by ``selector``.</doc>
<status status="PASS" start="2026-02-23T13:51:50.564984" elapsed="0.064769"/>
</kw>
<status status="PASS" start="2026-02-23T13:51:50.518565" elapsed="0.111296"/>
</kw>
<kw name="Then user should see the Swag Labs home page" owner="keywords">
<kw name="Get Title" owner="Browser">
<msg time="2026-02-23T13:51:50.632352" level="INFO">Title: 'Swag Labs'</msg>
<arg>==</arg>
<arg>Swag Labs</arg>
<tag>Assertion</tag>
<tag>Getter</tag>
<tag>PageContent</tag>
<doc>Returns the title of the current page.</doc>
<status status="PASS" start="2026-02-23T13:51:50.630935" elapsed="0.001495"/>
</kw>
<status status="PASS" start="2026-02-23T13:51:50.630401" elapsed="0.002082"/>
</kw>
<kw name="Close Browser" owner="Browser" type="TEARDOWN">
<msg time="2026-02-23T13:51:50.650830" level="INFO">Closed browser</msg>
<tag>BrowserControl</tag>
<tag>Setter</tag>
<doc>Closes the current browser.</doc>
<status status="PASS" start="2026-02-23T13:51:50.632983" elapsed="0.017979"/>
</kw>
<doc>Verify that user can log in with valid credentials and is redirected to home page</doc>
<tag>login</tag>
<tag>regression</tag>
<status status="PASS" start="2026-02-23T13:51:47.841697" elapsed="2.809417"/>
</test>
<status status="PASS" start="2026-02-23T13:51:47.779360" elapsed="2.875975"/>
</suite>
<status status="PASS" start="2026-02-23T13:51:47.776759" elapsed="2.880970"/>
</suite>
<status status="PASS" start="2026-02-23T13:51:47.765088" elapsed="2.898118"/>
</suite>
<statistics>
<total>
<stat pass="1" fail="0" skip="0">All Tests</stat>
</total>
<tag>
<stat pass="1" fail="0" skip="0">login</stat>
<stat pass="1" fail="0" skip="0">regression</stat>
</tag>
<suite>
<stat name="Exercise" id="s1" pass="1" fail="0" skip="0">Exercise</stat>
<stat name="Tests" id="s1-s1" pass="1" fail="0" skip="0">Exercise.Tests</stat>
<stat name="Test Suite" id="s1-s1-s1" pass="1" fail="0" skip="0">Exercise.Tests.Test Suite</stat>
</suite>
</statistics>
<errors>
</errors>
</robot>
